<?xml version="1.0" encoding="UTF-8"?>
<coverage generated="1703440079421" clover="3.2.0">
  <project timestamp="1703440079421" name="All files">
    <metrics statements="22" coveredstatements="22" conditionals="13" coveredconditionals="13" methods="9" coveredmethods="9" elements="44" coveredelements="44" complexity="0" loc="22" ncloc="22" packages="1" files="3" classes="3"/>
    <file name="Characters.js" path="/Users/kaimac/Desktop/Math/src/js/Characters.js">
      <metrics statements="20" coveredstatements="20" conditionals="13" coveredconditionals="13" methods="7" coveredmethods="7"/>
      <line num="1" count="3" type="stmt"/>
      <line num="7" count="16" type="cond" truecount="5" falsecount="0"/>
      <line num="8" count="3" type="stmt"/>
      <line num="11" count="13" type="stmt"/>
      <line num="13" count="13" type="cond" truecount="4" falsecount="0"/>
      <line num="14" count="10" type="stmt"/>
      <line num="16" count="3" type="stmt"/>
      <line num="19" count="10" type="stmt"/>
      <line num="20" count="10" type="stmt"/>
      <line num="24" count="4" type="stmt"/>
      <line num="28" count="4" type="stmt"/>
      <line num="32" count="2" type="stmt"/>
      <line num="36" count="3" type="stmt"/>
      <line num="40" count="2" type="stmt"/>
      <line num="41" count="2" type="cond" truecount="2" falsecount="0"/>
      <line num="42" count="1" type="stmt"/>
      <line num="44" count="2" type="stmt"/>
      <line num="48" count="3" type="cond" truecount="2" falsecount="0"/>
      <line num="49" count="1" type="stmt"/>
      <line num="51" count="2" type="stmt"/>
    </file>
    <file name="Daemon.js" path="/Users/kaimac/Desktop/Math/src/js/Daemon.js">
      <metrics statements="1" coveredstatements="1" conditionals="0" coveredconditionals="0" methods="1" coveredmethods="1"/>
      <line num="5" count="1" type="stmt"/>
    </file>
    <file name="Magician.js" path="/Users/kaimac/Desktop/Math/src/js/Magician.js">
      <metrics statements="1" coveredstatements="1" conditionals="0" coveredconditionals="0" methods="1" coveredmethods="1"/>
      <line num="5" count="1" type="stmt"/>
    </file>
  </project>
</coverage>
