TN:
SF:src/js/Characters.js
FN:6,(anonymous_0)
FN:23,(anonymous_1)
FN:27,(anonymous_2)
FN:31,(anonymous_3)
FN:35,(anonymous_4)
FN:39,(anonymous_5)
FN:47,(anonymous_6)
FNF:7
FNH:7
FNDA:16,(anonymous_0)
FNDA:4,(anonymous_1)
FNDA:4,(anonymous_2)
FNDA:2,(anonymous_3)
FNDA:3,(anonymous_4)
FNDA:2,(anonymous_5)
FNDA:3,(anonymous_6)
DA:1,3
DA:7,16
DA:8,3
DA:11,13
DA:13,13
DA:14,10
DA:16,3
DA:19,10
DA:20,10
DA:24,4
DA:28,4
DA:32,2
DA:36,3
DA:40,2
DA:41,2
DA:42,1
DA:44,2
DA:48,3
DA:49,1
DA:51,2
LF:20
LH:20
BRDA:7,0,0,3
BRDA:7,0,1,13
BRDA:7,1,0,16
BRDA:7,1,1,15
BRDA:7,1,2,14
BRDA:13,2,0,10
BRDA:13,2,1,3
BRDA:13,3,0,13
BRDA:13,3,1,11
BRDA:41,4,0,1
BRDA:41,4,1,1
BRDA:48,5,0,1
BRDA:48,5,1,2
BRF:13
BRH:13
end_of_record
TN:
SF:src/js/Daemon.js
FN:4,(anonymous_0)
FNF:1
FNH:1
FNDA:1,(anonymous_0)
DA:5,1
LF:1
LH:1
BRF:0
BRH:0
end_of_record
TN:
SF:src/js/Magician.js
FN:4,(anonymous_0)
FNF:1
FNH:1
FNDA:1,(anonymous_0)
DA:5,1
LF:1
LH:1
BRF:0
BRH:0
end_of_record
